
Explained.


PLAN_TABLE_OUTPUT                                                                                                       
------------------------------------------------------------------------------------------------------------------------
                                                                                                                        
------------------------------------------------------------------------------------                                    
| Id  | Operation         | Name           | Rows  | Bytes | Cost (%CPU)| Time     |                                    
------------------------------------------------------------------------------------                                    
|   0 | SELECT STATEMENT  |                |    19 |  1178 |   441   (1)| 00:00:06 |                                    
|*  1 |  TABLE ACCESS FULL| DM_SYSOBJECT_S |    19 |  1178 |   441   (1)| 00:00:06 |                                    
------------------------------------------------------------------------------------                                    
                                                                                                                        
Predicate Information (identified by operation id):                                                                     
---------------------------------------------------                                                                     
                                                                                                                        
   1 - filter("R_OBJECT_TYPE"='dm_cabinet')                                                                             

12 rows selected.


PLAN_TABLE_OUTPUT                                                                                                       
------------------------------------------------------------------------------------------------------------------------
                                                                                                                        
------------------------------------------------------------------------------------                                    
| Id  | Operation         | Name           | Rows  | Bytes | Cost (%CPU)| Time     |                                    
------------------------------------------------------------------------------------                                    
|   0 | SELECT STATEMENT  |                |    19 |  1178 |   441   (1)| 00:00:06 |                                    
|*  1 |  TABLE ACCESS FULL| DM_SYSOBJECT_S |    19 |  1178 |   441   (1)| 00:00:06 |                                    
------------------------------------------------------------------------------------                                    
                                                                                                                        
Predicate Information (identified by operation id):                                                                     
---------------------------------------------------                                                                     
                                                                                                                        
   1 - filter("R_OBJECT_TYPE"='dm_cabinet')                                                                             

12 rows selected.

